<?xml version="1.0" encoding="UTF-8"?>
<coverage generated="1664766631328" clover="3.2.0">
  <project timestamp="1664766631328" name="All files">
    <metrics statements="28" coveredstatements="22" conditionals="4" coveredconditionals="4" methods="17" coveredmethods="12" elements="49" coveredelements="38" complexity="0" loc="28" ncloc="28" packages="5" files="6" classes="6"/>
    <package name="src">
      <metrics statements="1" coveredstatements="1" conditionals="0" coveredconditionals="0" methods="1" coveredmethods="1"/>
      <file name="App.jsx" path="/Users/ekanshsinghal/Desktop/CSC510/se-group26-proj1/src/App.jsx">
        <metrics statements="1" coveredstatements="1" conditionals="0" coveredconditionals="0" methods="1" coveredmethods="1"/>
        <line num="9" count="4" type="stmt"/>
      </file>
    </package>
    <package name="src.Components.AddApplication">
      <metrics statements="8" coveredstatements="3" conditionals="0" coveredconditionals="0" methods="4" coveredmethods="1"/>
      <file name="AddApplication.jsx" path="/Users/ekanshsinghal/Desktop/CSC510/se-group26-proj1/src/Components/AddApplication/AddApplication.jsx">
        <metrics statements="8" coveredstatements="3" conditionals="0" coveredconditionals="0" methods="4" coveredmethods="1"/>
        <line num="6" count="3" type="stmt"/>
        <line num="8" count="3" type="stmt"/>
        <line num="9" count="0" type="stmt"/>
        <line num="11" count="0" type="stmt"/>
        <line num="12" count="0" type="stmt"/>
        <line num="13" count="0" type="stmt"/>
        <line num="15" count="0" type="stmt"/>
        <line num="18" count="3" type="stmt"/>
      </file>
    </package>
    <package name="src.Components.LandingPage">
      <metrics statements="10" coveredstatements="10" conditionals="0" coveredconditionals="0" methods="6" coveredmethods="6"/>
      <file name="EditDropDown.jsx" path="/Users/ekanshsinghal/Desktop/CSC510/se-group26-proj1/src/Components/LandingPage/EditDropDown.jsx">
        <metrics statements="1" coveredstatements="1" conditionals="0" coveredconditionals="0" methods="1" coveredmethods="1"/>
        <line num="6" count="24" type="stmt"/>
      </file>
      <file name="LandingPage.jsx" path="/Users/ekanshsinghal/Desktop/CSC510/se-group26-proj1/src/Components/LandingPage/LandingPage.jsx">
        <metrics statements="9" coveredstatements="9" conditionals="0" coveredconditionals="0" methods="5" coveredmethods="5"/>
        <line num="9" count="1" type="stmt"/>
        <line num="11" count="1" type="stmt"/>
        <line num="13" count="4" type="stmt"/>
        <line num="15" count="3" type="stmt"/>
        <line num="16" count="2" type="stmt"/>
        <line num="19" count="3" type="stmt"/>
        <line num="27" count="9" type="stmt"/>
        <line num="58" count="12" type="stmt"/>
        <line num="61" count="24" type="stmt"/>
      </file>
    </package>
    <package name="src.Components.LoginPage">
      <metrics statements="2" coveredstatements="2" conditionals="0" coveredconditionals="0" methods="2" coveredmethods="1"/>
      <file name="LoginPage.jsx" path="/Users/ekanshsinghal/Desktop/CSC510/se-group26-proj1/src/Components/LoginPage/LoginPage.jsx">
        <metrics statements="2" coveredstatements="2" conditionals="0" coveredconditionals="0" methods="2" coveredmethods="1"/>
        <line num="9" count="1" type="stmt"/>
        <line num="11" count="1" type="stmt"/>
      </file>
    </package>
    <package name="src.Components.RegisterPage">
      <metrics statements="7" coveredstatements="6" conditionals="4" coveredconditionals="4" methods="4" coveredmethods="3"/>
      <file name="RegisterPage.jsx" path="/Users/ekanshsinghal/Desktop/CSC510/se-group26-proj1/src/Components/RegisterPage/RegisterPage.jsx">
        <metrics statements="7" coveredstatements="6" conditionals="4" coveredconditionals="4" methods="4" coveredmethods="3"/>
        <line num="8" count="1" type="stmt"/>
        <line num="9" count="0" type="stmt"/>
        <line num="12" count="1" type="stmt"/>
        <line num="85" count="11" type="stmt"/>
        <line num="87" count="11" type="cond" truecount="2" falsecount="0"/>
        <line num="91" count="1" type="stmt"/>
        <line num="93" count="10" type="stmt"/>
      </file>
    </package>
  </project>
</coverage>
