{"/Users/ekanshsinghal/Desktop/CSC510/se-group26-proj1/src/App.jsx": {"path":"/Users/ekanshsinghal/Desktop/CSC510/se-group26-proj1/src/App.jsx","statementMap":{"0":{"start":{"line":9,"column":1},"end":{"line":18,"column":3}}},"fnMap":{"0":{"name":"App","decl":{"start":{"line":8,"column":24},"end":{"line":8,"column":27}},"loc":{"start":{"line":8,"column":30},"end":{"line":19,"column":1}},"line":8}},"branchMap":{},"s":{"0":4},"f":{"0":4},"b":{},"_coverageSchema":"1a1c01bbd47fc00a2c39e90264f33305004495a9","hash":"1cb312dd642af8af5192bee15c5a323a259dedfb"}
,"/Users/ekanshsinghal/Desktop/CSC510/se-group26-proj1/src/Components/AddApplication/AddApplication.jsx": {"path":"/Users/ekanshsinghal/Desktop/CSC510/se-group26-proj1/src/Components/AddApplication/AddApplication.jsx","statementMap":{"0":{"start":{"line":6,"column":16},"end":{"line":6,"column":30}},"1":{"start":{"line":8,"column":14},"end":{"line":16,"column":2}},"2":{"start":{"line":9,"column":2},"end":{"line":15,"column":57}},"3":{"start":{"line":11,"column":4},"end":{"line":11,"column":24}},"4":{"start":{"line":12,"column":4},"end":{"line":12,"column":14}},"5":{"start":{"line":13,"column":4},"end":{"line":13,"column":23}},"6":{"start":{"line":15,"column":31},"end":{"line":15,"column":55}},"7":{"start":{"line":18,"column":1},"end":{"line":119,"column":3}}},"fnMap":{"0":{"name":"AddApplication","decl":{"start":{"line":5,"column":24},"end":{"line":5,"column":38}},"loc":{"start":{"line":5,"column":60},"end":{"line":120,"column":1}},"line":5},"1":{"name":"(anonymous_1)","decl":{"start":{"line":8,"column":14},"end":{"line":8,"column":15}},"loc":{"start":{"line":8,"column":20},"end":{"line":16,"column":2}},"line":8},"2":{"name":"(anonymous_2)","decl":{"start":{"line":10,"column":9},"end":{"line":10,"column":10}},"loc":{"start":{"line":10,"column":21},"end":{"line":14,"column":4}},"line":10},"3":{"name":"(anonymous_3)","decl":{"start":{"line":15,"column":10},"end":{"line":15,"column":11}},"loc":{"start":{"line":15,"column":31},"end":{"line":15,"column":55}},"line":15}},"branchMap":{},"s":{"0":3,"1":3,"2":0,"3":0,"4":0,"5":0,"6":0,"7":3},"f":{"0":3,"1":0,"2":0,"3":0},"b":{},"_coverageSchema":"1a1c01bbd47fc00a2c39e90264f33305004495a9","hash":"413d26cef7071151eda22dc918b938af9e9be35b"}
,"/Users/ekanshsinghal/Desktop/CSC510/se-group26-proj1/src/Components/LandingPage/EditDropDown.jsx": {"path":"/Users/ekanshsinghal/Desktop/CSC510/se-group26-proj1/src/Components/LandingPage/EditDropDown.jsx","statementMap":{"0":{"start":{"line":6,"column":1},"end":{"line":6,"column":53}}},"fnMap":{"0":{"name":"EditDropDown","decl":{"start":{"line":5,"column":24},"end":{"line":5,"column":36}},"loc":{"start":{"line":5,"column":39},"end":{"line":7,"column":1}},"line":5}},"branchMap":{},"s":{"0":24},"f":{"0":24},"b":{},"_coverageSchema":"1a1c01bbd47fc00a2c39e90264f33305004495a9","hash":"9ac8ae4605ad5f9062159ed1ee84dd3200cbfa3a"}
,"/Users/ekanshsinghal/Desktop/CSC510/se-group26-proj1/src/Components/LandingPage/LandingPage.jsx": {"path":"/Users/ekanshsinghal/Desktop/CSC510/se-group26-proj1/src/Components/LandingPage/LandingPage.jsx","statementMap":{"0":{"start":{"line":9,"column":28},"end":{"line":9,"column":34}},"1":{"start":{"line":11,"column":16},"end":{"line":11,"column":68}},"2":{"start":{"line":13,"column":53},"end":{"line":13,"column":68}},"3":{"start":{"line":15,"column":30},"end":{"line":17,"column":2}},"4":{"start":{"line":16,"column":2},"end":{"line":16,"column":45}},"5":{"start":{"line":19,"column":1},"end":{"line":77,"column":3}},"6":{"start":{"line":27,"column":14},"end":{"line":30,"column":7}},"7":{"start":{"line":58,"column":6},"end":{"line":72,"column":12}},"8":{"start":{"line":61,"column":8},"end":{"line":69,"column":15}}},"fnMap":{"0":{"name":"LandingPage","decl":{"start":{"line":12,"column":24},"end":{"line":12,"column":35}},"loc":{"start":{"line":12,"column":38},"end":{"line":78,"column":1}},"line":12},"1":{"name":"(anonymous_1)","decl":{"start":{"line":15,"column":30},"end":{"line":15,"column":31}},"loc":{"start":{"line":15,"column":36},"end":{"line":17,"column":2}},"line":15},"2":{"name":"(anonymous_2)","decl":{"start":{"line":27,"column":6},"end":{"line":27,"column":7}},"loc":{"start":{"line":27,"column":14},"end":{"line":30,"column":7}},"line":27},"3":{"name":"(anonymous_3)","decl":{"start":{"line":57,"column":18},"end":{"line":57,"column":19}},"loc":{"start":{"line":58,"column":6},"end":{"line":72,"column":12}},"line":58},"4":{"name":"(anonymous_4)","decl":{"start":{"line":60,"column":36},"end":{"line":60,"column":37}},"loc":{"start":{"line":61,"column":8},"end":{"line":69,"column":15}},"line":61}},"branchMap":{},"s":{"0":1,"1":1,"2":4,"3":3,"4":2,"5":3,"6":9,"7":12,"8":24},"f":{"0":4,"1":2,"2":9,"3":12,"4":24},"b":{},"_coverageSchema":"1a1c01bbd47fc00a2c39e90264f33305004495a9","hash":"50f635c03ae8f5dfc9f9df6fb84d560db266c2d2"}
,"/Users/ekanshsinghal/Desktop/CSC510/se-group26-proj1/src/Components/LoginPage/LoginPage.jsx": {"path":"/Users/ekanshsinghal/Desktop/CSC510/se-group26-proj1/src/Components/LoginPage/LoginPage.jsx","statementMap":{"0":{"start":{"line":9,"column":18},"end":{"line":9,"column":49}},"1":{"start":{"line":9,"column":30},"end":{"line":9,"column":49}},"2":{"start":{"line":11,"column":1},"end":{"line":65,"column":3}}},"fnMap":{"0":{"name":"LoginPage","decl":{"start":{"line":8,"column":24},"end":{"line":8,"column":33}},"loc":{"start":{"line":8,"column":36},"end":{"line":66,"column":1}},"line":8},"1":{"name":"(anonymous_1)","decl":{"start":{"line":9,"column":18},"end":{"line":9,"column":19}},"loc":{"start":{"line":9,"column":30},"end":{"line":9,"column":49}},"line":9}},"branchMap":{},"s":{"0":1,"1":0,"2":1},"f":{"0":1,"1":0},"b":{},"_coverageSchema":"1a1c01bbd47fc00a2c39e90264f33305004495a9","hash":"5ed6bfc64b983df9b4be85adca786c170d8c5930"}
,"/Users/ekanshsinghal/Desktop/CSC510/se-group26-proj1/src/Components/RegisterPage/RegisterPage.jsx": {"path":"/Users/ekanshsinghal/Desktop/CSC510/se-group26-proj1/src/Components/RegisterPage/RegisterPage.jsx","statementMap":{"0":{"start":{"line":8,"column":18},"end":{"line":10,"column":2}},"1":{"start":{"line":9,"column":2},"end":{"line":9,"column":22}},"2":{"start":{"line":12,"column":1},"end":{"line":116,"column":3}},"3":{"start":{"line":85,"column":31},"end":{"line":99,"column":8}},"4":{"start":{"line":87,"column":9},"end":{"line":92,"column":10}},"5":{"start":{"line":91,"column":10},"end":{"line":91,"column":35}},"6":{"start":{"line":93,"column":9},"end":{"line":97,"column":11}}},"fnMap":{"0":{"name":"RegisterPage","decl":{"start":{"line":7,"column":24},"end":{"line":7,"column":36}},"loc":{"start":{"line":7,"column":39},"end":{"line":117,"column":1}},"line":7},"1":{"name":"(anonymous_1)","decl":{"start":{"line":8,"column":18},"end":{"line":8,"column":19}},"loc":{"start":{"line":8,"column":30},"end":{"line":10,"column":2}},"line":8},"2":{"name":"(anonymous_2)","decl":{"start":{"line":85,"column":7},"end":{"line":85,"column":8}},"loc":{"start":{"line":85,"column":31},"end":{"line":99,"column":8}},"line":85},"3":{"name":"(anonymous_3)","decl":{"start":{"line":86,"column":8},"end":{"line":86,"column":9}},"loc":{"start":{"line":86,"column":28},"end":{"line":98,"column":9}},"line":86}},"branchMap":{"0":{"loc":{"start":{"line":87,"column":9},"end":{"line":92,"column":10}},"type":"if","locations":[{"start":{"line":87,"column":9},"end":{"line":92,"column":10}},{"start":{},"end":{}}],"line":87},"1":{"loc":{"start":{"line":88,"column":10},"end":{"line":89,"column":45}},"type":"binary-expr","locations":[{"start":{"line":88,"column":10},"end":{"line":88,"column":16}},{"start":{"line":89,"column":10},"end":{"line":89,"column":45}}],"line":88}},"s":{"0":1,"1":0,"2":1,"3":11,"4":11,"5":1,"6":10},"f":{"0":1,"1":0,"2":11,"3":11},"b":{"0":[1,10],"1":[11,11]},"_coverageSchema":"1a1c01bbd47fc00a2c39e90264f33305004495a9","hash":"1db8c06e45184a773835783391593c63ccacba32"}
}
