TN:
SF:src/App.jsx
FN:8,App
FNF:1
FNH:1
FNDA:4,App
DA:9,4
LF:1
LH:1
BRF:0
BRH:0
end_of_record
TN:
SF:src/Components/AddApplication/AddApplication.jsx
FN:5,AddApplication
FN:8,(anonymous_1)
FN:10,(anonymous_2)
FN:15,(anonymous_3)
FNF:4
FNH:1
FNDA:3,AddApplication
FNDA:0,(anonymous_1)
FNDA:0,(anonymous_2)
FNDA:0,(anonymous_3)
DA:6,3
DA:8,3
DA:9,0
DA:11,0
DA:12,0
DA:13,0
DA:15,0
DA:18,3
LF:8
LH:3
BRF:0
BRH:0
end_of_record
TN:
SF:src/Components/LandingPage/EditDropDown.jsx
FN:5,EditDropDown
FNF:1
FNH:1
FNDA:24,EditDropDown
DA:6,24
LF:1
LH:1
BRF:0
BRH:0
end_of_record
TN:
SF:src/Components/LandingPage/LandingPage.jsx
FN:12,LandingPage
FN:15,(anonymous_1)
FN:27,(anonymous_2)
FN:57,(anonymous_3)
FN:60,(anonymous_4)
FNF:5
FNH:5
FNDA:4,LandingPage
FNDA:2,(anonymous_1)
FNDA:9,(anonymous_2)
FNDA:12,(anonymous_3)
FNDA:24,(anonymous_4)
DA:9,1
DA:11,1
DA:13,4
DA:15,3
DA:16,2
DA:19,3
DA:27,9
DA:58,12
DA:61,24
LF:9
LH:9
BRF:0
BRH:0
end_of_record
TN:
SF:src/Components/LoginPage/LoginPage.jsx
FN:8,LoginPage
FN:9,(anonymous_1)
FNF:2
FNH:1
FNDA:1,LoginPage
FNDA:0,(anonymous_1)
DA:9,1
DA:11,1
LF:2
LH:2
BRF:0
BRH:0
end_of_record
TN:
SF:src/Components/RegisterPage/RegisterPage.jsx
FN:7,RegisterPage
FN:8,(anonymous_1)
FN:85,(anonymous_2)
FN:86,(anonymous_3)
FNF:4
FNH:3
FNDA:1,RegisterPage
FNDA:0,(anonymous_1)
FNDA:11,(anonymous_2)
FNDA:11,(anonymous_3)
DA:8,1
DA:9,0
DA:12,1
DA:85,11
DA:87,11
DA:91,1
DA:93,10
LF:7
LH:6
BRDA:87,0,0,1
BRDA:87,0,1,10
BRDA:88,1,0,11
BRDA:88,1,1,11
BRF:4
BRH:4
end_of_record
